<?xml version="1.0" encoding="UTF-8"?>
<testsuite xmlns:xsi="http://www.w3.org/2001/XMLSchema-instance" xsi:noNamespaceSchemaLocation="https://maven.apache.org/surefire/maven-surefire-plugin/xsd/surefire-test-report-3.0.xsd" version="3.0" name="com.github.isarthur.nb.editor.caseconverter.ToWindowsOrUnixPathConverterTest" time="0.354" tests="2" errors="0" skipped="0" failures="0">
  <properties>
    <property name="java.specification.version" value="14"/>
    <property name="sun.cpu.isalist" value="amd64"/>
    <property name="sun.jnu.encoding" value="Cp1251"/>
    <property name="java.class.path" value="C:\Users\Arthur\Documents\NetBeansProjects\NetBeansCaseConverter\target\test-classes;C:\Users\Arthur\Documents\NetBeansProjects\NetBeansCaseConverter\target\classes;C:\Users\Arthur\.m2\repository\org\netbeans\api\org-netbeans-api-annotations-common\RELEASE120-1\org-netbeans-api-annotations-common-RELEASE120-1.jar;C:\Users\Arthur\.m2\repository\org\netbeans\api\org-openide-util\RELEASE120-1\org-openide-util-RELEASE120-1.jar;C:\Users\Arthur\.m2\repository\org\netbeans\api\org-openide-util-lookup\RELEASE120-1\org-openide-util-lookup-RELEASE120-1.jar;C:\Users\Arthur\.m2\repository\org\netbeans\api\org-netbeans-modules-editor-lib2\RELEASE120-1\org-netbeans-modules-editor-lib2-RELEASE120-1.jar;C:\Users\Arthur\.m2\repository\org\netbeans\api\org-netbeans-modules-editor-mimelookup\RELEASE120-1\org-netbeans-modules-editor-mimelookup-RELEASE120-1.jar;C:\Users\Arthur\.m2\repository\org\netbeans\api\org-netbeans-modules-editor-settings\RELEASE120-1\org-netbeans-modules-editor-settings-RELEASE120-1.jar;C:\Users\Arthur\.m2\repository\org\netbeans\api\org-netbeans-modules-editor-util\RELEASE120-1\org-netbeans-modules-editor-util-RELEASE120-1.jar;C:\Users\Arthur\.m2\repository\org\netbeans\api\org-openide-awt\RELEASE120-1\org-openide-awt-RELEASE120-1.jar;C:\Users\Arthur\.m2\repository\org\netbeans\api\org-openide-dialogs\RELEASE120-1\org-openide-dialogs-RELEASE120-1.jar;C:\Users\Arthur\.m2\repository\org\netbeans\api\org-openide-filesystems\RELEASE120-1\org-openide-filesystems-RELEASE120-1.jar;C:\Users\Arthur\.m2\repository\org\netbeans\api\org-openide-util-ui\RELEASE120-1\org-openide-util-ui-RELEASE120-1.jar;C:\Users\Arthur\.m2\repository\org\netbeans\api\org-openide-text\RELEASE120-1\org-openide-text-RELEASE120-1.jar;C:\Users\Arthur\.m2\repository\org\netbeans\api\org-openide-modules\RELEASE120-1\org-openide-modules-RELEASE120-1.jar;C:\Users\Arthur\.m2\repository\org\netbeans\api\org-openide-nodes\RELEASE120-1\org-openide-nodes-RELEASE120-1.jar;C:\Users\Arthur\.m2\repository\org\netbeans\api\org-openide-windows\RELEASE120-1\org-openide-windows-RELEASE120-1.jar;C:\Users\Arthur\.m2\repository\org\netbeans\api\org-netbeans-modules-editor-document\RELEASE120-1\org-netbeans-modules-editor-document-RELEASE120-1.jar;C:\Users\Arthur\.m2\repository\org\netbeans\api\org-netbeans-modules-editor-lib\RELEASE120-1\org-netbeans-modules-editor-lib-RELEASE120-1.jar;C:\Users\Arthur\.m2\repository\org\netbeans\api\org-netbeans-api-progress\RELEASE120-1\org-netbeans-api-progress-RELEASE120-1.jar;C:\Users\Arthur\.m2\repository\org\netbeans\api\org-netbeans-api-progress-nb\RELEASE120-1\org-netbeans-api-progress-nb-RELEASE120-1.jar;C:\Users\Arthur\.m2\repository\org\netbeans\api\org-netbeans-modules-editor-fold\RELEASE120-1\org-netbeans-modules-editor-fold-RELEASE120-1.jar;C:\Users\Arthur\.m2\repository\org\netbeans\api\org-netbeans-modules-editor-settings-lib\RELEASE120-1\org-netbeans-modules-editor-settings-lib-RELEASE120-1.jar;C:\Users\Arthur\.m2\repository\org\netbeans\api\org-netbeans-modules-editor-guards\RELEASE120-1\org-netbeans-modules-editor-guards-RELEASE120-1.jar;C:\Users\Arthur\.m2\repository\org\netbeans\api\org-netbeans-modules-editor-indent\RELEASE120-1\org-netbeans-modules-editor-indent-RELEASE120-1.jar;C:\Users\Arthur\.m2\repository\org\netbeans\api\org-netbeans-modules-nbjunit\RELEASE120-1\org-netbeans-modules-nbjunit-RELEASE120-1.jar;C:\Users\Arthur\.m2\repository\org\netbeans\modules\org-netbeans-insane\RELEASE120-1\org-netbeans-insane-RELEASE120-1.jar;C:\Users\Arthur\.m2\repository\org\netbeans\api\org-netbeans-libs-junit4\RELEASE120-1\org-netbeans-libs-junit4-RELEASE120-1.jar;C:\Users\Arthur\.m2\repository\junit\junit\4.12\junit-4.12.jar;C:\Users\Arthur\.m2\repository\org\hamcrest\hamcrest-core\1.3\hamcrest-core-1.3.jar;C:\Users\Arthur\.m2\repository\org\netbeans\api\org-netbeans-modules-lexer\RELEASE120-1\org-netbeans-modules-lexer-RELEASE120-1.jar;C:\Users\Arthur\.m2\repository\org\netbeans\api\org-netbeans-modules-java-lexer\RELEASE120-1\org-netbeans-modules-java-lexer-RELEASE120-1.jar;"/>
    <property name="java.vm.vendor" value="Oracle Corporation"/>
    <property name="sun.arch.data.model" value="64"/>
    <property name="user.variant" value=""/>
    <property name="java.vendor.url" value="https://java.oracle.com/"/>
    <property name="user.timezone" value="Asia/Yekaterinburg"/>
    <property name="os.name" value="Windows 10"/>
    <property name="java.vm.specification.version" value="14"/>
    <property name="user.country" value="RU"/>
    <property name="sun.java.launcher" value="SUN_STANDARD"/>
    <property name="sun.boot.library.path" value="C:\jdk-14.0.1\bin"/>
    <property name="sun.java.command" value="C:\Users\Arthur\AppData\Local\Temp\surefire3479005251918715826\surefirebooter2034693320364459998.jar C:\Users\Arthur\AppData\Local\Temp\surefire3479005251918715826 2020-09-12T12-35-20_698-jvmRun1 surefire18423420087810842469tmp surefire_012159337038251709537tmp"/>
    <property name="jdk.debug" value="release"/>
    <property name="surefire.test.class.path" value="C:\Users\Arthur\Documents\NetBeansProjects\NetBeansCaseConverter\target\test-classes;C:\Users\Arthur\Documents\NetBeansProjects\NetBeansCaseConverter\target\classes;C:\Users\Arthur\.m2\repository\org\netbeans\api\org-netbeans-api-annotations-common\RELEASE120-1\org-netbeans-api-annotations-common-RELEASE120-1.jar;C:\Users\Arthur\.m2\repository\org\netbeans\api\org-openide-util\RELEASE120-1\org-openide-util-RELEASE120-1.jar;C:\Users\Arthur\.m2\repository\org\netbeans\api\org-openide-util-lookup\RELEASE120-1\org-openide-util-lookup-RELEASE120-1.jar;C:\Users\Arthur\.m2\repository\org\netbeans\api\org-netbeans-modules-editor-lib2\RELEASE120-1\org-netbeans-modules-editor-lib2-RELEASE120-1.jar;C:\Users\Arthur\.m2\repository\org\netbeans\api\org-netbeans-modules-editor-mimelookup\RELEASE120-1\org-netbeans-modules-editor-mimelookup-RELEASE120-1.jar;C:\Users\Arthur\.m2\repository\org\netbeans\api\org-netbeans-modules-editor-settings\RELEASE120-1\org-netbeans-modules-editor-settings-RELEASE120-1.jar;C:\Users\Arthur\.m2\repository\org\netbeans\api\org-netbeans-modules-editor-util\RELEASE120-1\org-netbeans-modules-editor-util-RELEASE120-1.jar;C:\Users\Arthur\.m2\repository\org\netbeans\api\org-openide-awt\RELEASE120-1\org-openide-awt-RELEASE120-1.jar;C:\Users\Arthur\.m2\repository\org\netbeans\api\org-openide-dialogs\RELEASE120-1\org-openide-dialogs-RELEASE120-1.jar;C:\Users\Arthur\.m2\repository\org\netbeans\api\org-openide-filesystems\RELEASE120-1\org-openide-filesystems-RELEASE120-1.jar;C:\Users\Arthur\.m2\repository\org\netbeans\api\org-openide-util-ui\RELEASE120-1\org-openide-util-ui-RELEASE120-1.jar;C:\Users\Arthur\.m2\repository\org\netbeans\api\org-openide-text\RELEASE120-1\org-openide-text-RELEASE120-1.jar;C:\Users\Arthur\.m2\repository\org\netbeans\api\org-openide-modules\RELEASE120-1\org-openide-modules-RELEASE120-1.jar;C:\Users\Arthur\.m2\repository\org\netbeans\api\org-openide-nodes\RELEASE120-1\org-openide-nodes-RELEASE120-1.jar;C:\Users\Arthur\.m2\repository\org\netbeans\api\org-openide-windows\RELEASE120-1\org-openide-windows-RELEASE120-1.jar;C:\Users\Arthur\.m2\repository\org\netbeans\api\org-netbeans-modules-editor-document\RELEASE120-1\org-netbeans-modules-editor-document-RELEASE120-1.jar;C:\Users\Arthur\.m2\repository\org\netbeans\api\org-netbeans-modules-editor-lib\RELEASE120-1\org-netbeans-modules-editor-lib-RELEASE120-1.jar;C:\Users\Arthur\.m2\repository\org\netbeans\api\org-netbeans-api-progress\RELEASE120-1\org-netbeans-api-progress-RELEASE120-1.jar;C:\Users\Arthur\.m2\repository\org\netbeans\api\org-netbeans-api-progress-nb\RELEASE120-1\org-netbeans-api-progress-nb-RELEASE120-1.jar;C:\Users\Arthur\.m2\repository\org\netbeans\api\org-netbeans-modules-editor-fold\RELEASE120-1\org-netbeans-modules-editor-fold-RELEASE120-1.jar;C:\Users\Arthur\.m2\repository\org\netbeans\api\org-netbeans-modules-editor-settings-lib\RELEASE120-1\org-netbeans-modules-editor-settings-lib-RELEASE120-1.jar;C:\Users\Arthur\.m2\repository\org\netbeans\api\org-netbeans-modules-editor-guards\RELEASE120-1\org-netbeans-modules-editor-guards-RELEASE120-1.jar;C:\Users\Arthur\.m2\repository\org\netbeans\api\org-netbeans-modules-editor-indent\RELEASE120-1\org-netbeans-modules-editor-indent-RELEASE120-1.jar;C:\Users\Arthur\.m2\repository\org\netbeans\api\org-netbeans-modules-nbjunit\RELEASE120-1\org-netbeans-modules-nbjunit-RELEASE120-1.jar;C:\Users\Arthur\.m2\repository\org\netbeans\modules\org-netbeans-insane\RELEASE120-1\org-netbeans-insane-RELEASE120-1.jar;C:\Users\Arthur\.m2\repository\org\netbeans\api\org-netbeans-libs-junit4\RELEASE120-1\org-netbeans-libs-junit4-RELEASE120-1.jar;C:\Users\Arthur\.m2\repository\junit\junit\4.12\junit-4.12.jar;C:\Users\Arthur\.m2\repository\org\hamcrest\hamcrest-core\1.3\hamcrest-core-1.3.jar;C:\Users\Arthur\.m2\repository\org\netbeans\api\org-netbeans-modules-lexer\RELEASE120-1\org-netbeans-modules-lexer-RELEASE120-1.jar;C:\Users\Arthur\.m2\repository\org\netbeans\api\org-netbeans-modules-java-lexer\RELEASE120-1\org-netbeans-modules-java-lexer-RELEASE120-1.jar;"/>
    <property name="sun.cpu.endian" value="little"/>
    <property name="user.home" value="C:\Users\Arthur"/>
    <property name="user.language" value="ru"/>
    <property name="java.specification.vendor" value="Oracle Corporation"/>
    <property name="java.version.date" value="2020-04-14"/>
    <property name="java.home" value="C:\jdk-14.0.1"/>
    <property name="file.separator" value="\"/>
    <property name="basedir" value="C:\Users\Arthur\Documents\NetBeansProjects\NetBeansCaseConverter"/>
    <property name="java.vm.compressedOopsMode" value="Zero based"/>
    <property name="line.separator" value="&#10;"/>
    <property name="java.vm.specification.vendor" value="Oracle Corporation"/>
    <property name="java.specification.name" value="Java Platform API Specification"/>
    <property name="surefire.real.class.path" value="C:\Users\Arthur\AppData\Local\Temp\surefire3479005251918715826\surefirebooter2034693320364459998.jar"/>
    <property name="user.script" value=""/>
    <property name="sun.management.compiler" value="HotSpot 64-Bit Tiered Compilers"/>
    <property name="java.runtime.version" value="14.0.1+7"/>
    <property name="user.name" value="Arthur"/>
    <property name="path.separator" value=";"/>
    <property name="os.version" value="10.0"/>
    <property name="java.runtime.name" value="OpenJDK Runtime Environment"/>
    <property name="file.encoding" value="Cp1251"/>
    <property name="java.vm.name" value="OpenJDK 64-Bit Server VM"/>
    <property name="maven.ext.class.path" value="C:\NetBeans-12.0\netbeans\java\maven-nblib\netbeans-eventspy.jar"/>
    <property name="localRepository" value="C:\Users\Arthur\.m2\repository"/>
    <property name="java.vendor.url.bug" value="https://bugreport.java.com/bugreport/"/>
    <property name="java.io.tmpdir" value="C:\Users\Arthur\AppData\Local\Temp\"/>
    <property name="java.version" value="14.0.1"/>
    <property name="user.dir" value="C:\Users\Arthur\Documents\NetBeansProjects\NetBeansCaseConverter"/>
    <property name="os.arch" value="amd64"/>
    <property name="java.vm.specification.name" value="Java Virtual Machine Specification"/>
    <property name="sun.os.patch.level" value=""/>
    <property name="java.library.path" value="C:\jdk-14.0.1\bin;C:\WINDOWS\Sun\Java\bin;C:\WINDOWS\system32;C:\WINDOWS;C:\jdk-14.0.1\bin;C:\Windows\system32;C:\Windows;C:\Windows\System32\Wbem;C:\Windows\System32\WindowsPowerShell\v1.0\;C:\Program Files (x86)\NVIDIA Corporation\PhysX\Common;C:\WINDOWS\system32;C:\WINDOWS;C:\WINDOWS\System32\Wbem;C:\WINDOWS\System32\WindowsPowerShell\v1.0\;C:\doxygen\bin;C:\Graphviz2.38\bin;C:\apache-ant-1.10.8\bin;C:\WINDOWS\System32\OpenSSH\;C:\Program Files\mingw-w64\x86_64-8.1.0-posix-seh-rt_v6-rev0\mingw64\bin;C:\MinGW\bin;C:\msys\1.0\bin;C:\Git\cmd;C:\Users\Arthur\AppData\Local\Microsoft\WindowsApps;;."/>
    <property name="java.vm.info" value="mixed mode, sharing"/>
    <property name="java.vendor" value="Oracle Corporation"/>
    <property name="java.vm.version" value="14.0.1+7"/>
    <property name="sun.io.unicode.encoding" value="UnicodeLittle"/>
    <property name="java.class.version" value="58.0"/>
  </properties>
  <testcase name="testShouldConvertWindowsPathToUnixPath" classname="com.github.isarthur.nb.editor.caseconverter.ToWindowsOrUnixPathConverterTest" time="0.014"/>
  <testcase name="testShouldConvertUnixPathToWindowsPath" classname="com.github.isarthur.nb.editor.caseconverter.ToWindowsOrUnixPathConverterTest" time="0"/>
</testsuite>